<?xml version="1.0" encoding="UTF-8"?>
<testsuite xmlns:xsi="http://www.w3.org/2001/XMLSchema-instance" xsi:noNamespaceSchemaLocation="https://maven.apache.org/surefire/maven-surefire-plugin/xsd/surefire-test-report-3.0.xsd" version="3.0" name="org.rutz.CollectorMappingTest" time="0.209" tests="1" errors="0" skipped="0" failures="1">
  <properties>
    <property name="java.specification.version" value="17"/>
    <property name="sun.cpu.isalist" value="amd64"/>
    <property name="sun.jnu.encoding" value="Cp1252"/>
    <property name="java.class.path" value="C:\Users\rushi\Downloads\CursorProject\XML_Adaptor-main\JSONtoXMLMapping\target\test-classes;C:\Users\rushi\Downloads\CursorProject\XML_Adaptor-main\JSONtoXMLMapping\target\classes;C:\Users\rushi\.m2\repository\com\fasterxml\jackson\core\jackson-databind\2.13.4\jackson-databind-2.13.4.jar;C:\Users\rushi\.m2\repository\com\fasterxml\jackson\core\jackson-annotations\2.13.4\jackson-annotations-2.13.4.jar;C:\Users\rushi\.m2\repository\com\fasterxml\jackson\core\jackson-core\2.13.4\jackson-core-2.13.4.jar;C:\Users\rushi\.m2\repository\org\apache\commons\commons-csv\1.9.0\commons-csv-1.9.0.jar;C:\Users\rushi\.m2\repository\org\apache\commons\commons-jexl3\3.2.1\commons-jexl3-3.2.1.jar;C:\Users\rushi\.m2\repository\commons-logging\commons-logging\1.2\commons-logging-1.2.jar;C:\Users\rushi\.m2\repository\com\opencsv\opencsv\5.9\opencsv-5.9.jar;C:\Users\rushi\.m2\repository\org\apache\commons\commons-lang3\3.13.0\commons-lang3-3.13.0.jar;C:\Users\rushi\.m2\repository\org\apache\commons\commons-text\1.11.0\commons-text-1.11.0.jar;C:\Users\rushi\.m2\repository\commons-beanutils\commons-beanutils\1.9.4\commons-beanutils-1.9.4.jar;C:\Users\rushi\.m2\repository\commons-collections\commons-collections\3.2.2\commons-collections-3.2.2.jar;C:\Users\rushi\.m2\repository\org\apache\commons\commons-collections4\4.4\commons-collections4-4.4.jar;C:\Users\rushi\.m2\repository\org\slf4j\slf4j-api\1.7.36\slf4j-api-1.7.36.jar;C:\Users\rushi\.m2\repository\ch\qos\logback\logback-classic\1.2.11\logback-classic-1.2.11.jar;C:\Users\rushi\.m2\repository\ch\qos\logback\logback-core\1.2.11\logback-core-1.2.11.jar;C:\Users\rushi\.m2\repository\org\junit\jupiter\junit-jupiter-api\5.9.2\junit-jupiter-api-5.9.2.jar;C:\Users\rushi\.m2\repository\org\opentest4j\opentest4j\1.2.0\opentest4j-1.2.0.jar;C:\Users\rushi\.m2\repository\org\junit\platform\junit-platform-commons\1.9.2\junit-platform-commons-1.9.2.jar;C:\Users\rushi\.m2\repository\org\apiguardian\apiguardian-api\1.1.2\apiguardian-api-1.1.2.jar;C:\Users\rushi\.m2\repository\org\mockito\mockito-core\5.4.0\mockito-core-5.4.0.jar;C:\Users\rushi\.m2\repository\net\bytebuddy\byte-buddy\1.14.5\byte-buddy-1.14.5.jar;C:\Users\rushi\.m2\repository\net\bytebuddy\byte-buddy-agent\1.14.5\byte-buddy-agent-1.14.5.jar;C:\Users\rushi\.m2\repository\org\objenesis\objenesis\3.3\objenesis-3.3.jar;C:\Users\rushi\.m2\repository\org\junit\jupiter\junit-jupiter-engine\5.9.2\junit-jupiter-engine-5.9.2.jar;C:\Users\rushi\.m2\repository\org\junit\platform\junit-platform-engine\1.9.2\junit-platform-engine-1.9.2.jar;C:\Users\rushi\.m2\repository\junit\junit\4.13.2\junit-4.13.2.jar;C:\Users\rushi\.m2\repository\org\hamcrest\hamcrest-core\1.3\hamcrest-core-1.3.jar;C:\Users\rushi\.m2\repository\org\junit\jupiter\junit-jupiter-params\5.10.3\junit-jupiter-params-5.10.3.jar;C:\Users\rushi\.m2\repository\org\springframework\spring-core\6.1.11\spring-core-6.1.11.jar;C:\Users\rushi\.m2\repository\org\springframework\spring-jcl\6.1.11\spring-jcl-6.1.11.jar;C:\Users\rushi\.m2\repository\org\springframework\spring-beans\6.1.11\spring-beans-6.1.11.jar;"/>
    <property name="java.vm.vendor" value="Microsoft"/>
    <property name="sun.arch.data.model" value="64"/>
    <property name="user.variant" value=""/>
    <property name="java.vendor.url" value="https://www.microsoft.com"/>
    <property name="user.timezone" value="America/New_York"/>
    <property name="os.name" value="Windows 11"/>
    <property name="java.vm.specification.version" value="17"/>
    <property name="sun.java.launcher" value="SUN_STANDARD"/>
    <property name="user.country" value="US"/>
    <property name="sun.boot.library.path" value="C:\Users\rushi\.jdks\ms-17.0.15\bin"/>
    <property name="sun.java.command" value="C:\Users\rushi\AppData\Local\Temp\surefire2938278292682069741\surefirebooter-20250510125249047_3.jar C:\Users\rushi\AppData\Local\Temp\surefire2938278292682069741 2025-05-10T12-52-48_628-jvmRun1 surefire-20250510125249047_1tmp surefire_0-20250510125249047_2tmp"/>
    <property name="jdk.debug" value="release"/>
    <property name="surefire.test.class.path" value="C:\Users\rushi\Downloads\CursorProject\XML_Adaptor-main\JSONtoXMLMapping\target\test-classes;C:\Users\rushi\Downloads\CursorProject\XML_Adaptor-main\JSONtoXMLMapping\target\classes;C:\Users\rushi\.m2\repository\com\fasterxml\jackson\core\jackson-databind\2.13.4\jackson-databind-2.13.4.jar;C:\Users\rushi\.m2\repository\com\fasterxml\jackson\core\jackson-annotations\2.13.4\jackson-annotations-2.13.4.jar;C:\Users\rushi\.m2\repository\com\fasterxml\jackson\core\jackson-core\2.13.4\jackson-core-2.13.4.jar;C:\Users\rushi\.m2\repository\org\apache\commons\commons-csv\1.9.0\commons-csv-1.9.0.jar;C:\Users\rushi\.m2\repository\org\apache\commons\commons-jexl3\3.2.1\commons-jexl3-3.2.1.jar;C:\Users\rushi\.m2\repository\commons-logging\commons-logging\1.2\commons-logging-1.2.jar;C:\Users\rushi\.m2\repository\com\opencsv\opencsv\5.9\opencsv-5.9.jar;C:\Users\rushi\.m2\repository\org\apache\commons\commons-lang3\3.13.0\commons-lang3-3.13.0.jar;C:\Users\rushi\.m2\repository\org\apache\commons\commons-text\1.11.0\commons-text-1.11.0.jar;C:\Users\rushi\.m2\repository\commons-beanutils\commons-beanutils\1.9.4\commons-beanutils-1.9.4.jar;C:\Users\rushi\.m2\repository\commons-collections\commons-collections\3.2.2\commons-collections-3.2.2.jar;C:\Users\rushi\.m2\repository\org\apache\commons\commons-collections4\4.4\commons-collections4-4.4.jar;C:\Users\rushi\.m2\repository\org\slf4j\slf4j-api\1.7.36\slf4j-api-1.7.36.jar;C:\Users\rushi\.m2\repository\ch\qos\logback\logback-classic\1.2.11\logback-classic-1.2.11.jar;C:\Users\rushi\.m2\repository\ch\qos\logback\logback-core\1.2.11\logback-core-1.2.11.jar;C:\Users\rushi\.m2\repository\org\junit\jupiter\junit-jupiter-api\5.9.2\junit-jupiter-api-5.9.2.jar;C:\Users\rushi\.m2\repository\org\opentest4j\opentest4j\1.2.0\opentest4j-1.2.0.jar;C:\Users\rushi\.m2\repository\org\junit\platform\junit-platform-commons\1.9.2\junit-platform-commons-1.9.2.jar;C:\Users\rushi\.m2\repository\org\apiguardian\apiguardian-api\1.1.2\apiguardian-api-1.1.2.jar;C:\Users\rushi\.m2\repository\org\mockito\mockito-core\5.4.0\mockito-core-5.4.0.jar;C:\Users\rushi\.m2\repository\net\bytebuddy\byte-buddy\1.14.5\byte-buddy-1.14.5.jar;C:\Users\rushi\.m2\repository\net\bytebuddy\byte-buddy-agent\1.14.5\byte-buddy-agent-1.14.5.jar;C:\Users\rushi\.m2\repository\org\objenesis\objenesis\3.3\objenesis-3.3.jar;C:\Users\rushi\.m2\repository\org\junit\jupiter\junit-jupiter-engine\5.9.2\junit-jupiter-engine-5.9.2.jar;C:\Users\rushi\.m2\repository\org\junit\platform\junit-platform-engine\1.9.2\junit-platform-engine-1.9.2.jar;C:\Users\rushi\.m2\repository\junit\junit\4.13.2\junit-4.13.2.jar;C:\Users\rushi\.m2\repository\org\hamcrest\hamcrest-core\1.3\hamcrest-core-1.3.jar;C:\Users\rushi\.m2\repository\org\junit\jupiter\junit-jupiter-params\5.10.3\junit-jupiter-params-5.10.3.jar;C:\Users\rushi\.m2\repository\org\springframework\spring-core\6.1.11\spring-core-6.1.11.jar;C:\Users\rushi\.m2\repository\org\springframework\spring-jcl\6.1.11\spring-jcl-6.1.11.jar;C:\Users\rushi\.m2\repository\org\springframework\spring-beans\6.1.11\spring-beans-6.1.11.jar;"/>
    <property name="sun.cpu.endian" value="little"/>
    <property name="user.home" value="C:\Users\rushi"/>
    <property name="user.language" value="en"/>
    <property name="java.specification.vendor" value="Oracle Corporation"/>
    <property name="java.version.date" value="2025-04-15"/>
    <property name="java.home" value="C:\Users\rushi\.jdks\ms-17.0.15"/>
    <property name="file.separator" value="\"/>
    <property name="basedir" value="C:\Users\rushi\Downloads\CursorProject\XML_Adaptor-main\JSONtoXMLMapping"/>
    <property name="java.vm.compressedOopsMode" value="32-bit"/>
    <property name="line.separator" value="&#10;"/>
    <property name="java.vm.specification.vendor" value="Oracle Corporation"/>
    <property name="java.specification.name" value="Java Platform API Specification"/>
    <property name="surefire.real.class.path" value="C:\Users\rushi\AppData\Local\Temp\surefire2938278292682069741\surefirebooter-20250510125249047_3.jar"/>
    <property name="user.script" value=""/>
    <property name="sun.management.compiler" value="HotSpot 64-Bit Tiered Compilers"/>
    <property name="java.runtime.version" value="17.0.15+6-LTS"/>
    <property name="user.name" value="rushi"/>
    <property name="path.separator" value=";"/>
    <property name="os.version" value="10.0"/>
    <property name="java.runtime.name" value="OpenJDK Runtime Environment"/>
    <property name="file.encoding" value="Cp1252"/>
    <property name="java.vm.name" value="OpenJDK 64-Bit Server VM"/>
    <property name="java.vendor.version" value="Microsoft-11369865"/>
    <property name="localRepository" value="C:\Users\rushi\.m2\repository"/>
    <property name="java.vendor.url.bug" value="https://github.com/microsoft/openjdk/issues"/>
    <property name="java.io.tmpdir" value="C:\Users\rushi\AppData\Local\Temp\"/>
    <property name="idea.version" value="2025.1"/>
    <property name="java.version" value="17.0.15"/>
    <property name="user.dir" value="C:\Users\rushi\Downloads\CursorProject\XML_Adaptor-main\JSONtoXMLMapping"/>
    <property name="os.arch" value="amd64"/>
    <property name="java.vm.specification.name" value="Java Virtual Machine Specification"/>
    <property name="sun.os.patch.level" value=""/>
    <property name="native.encoding" value="Cp1252"/>
    <property name="java.library.path" value="C:\Users\rushi\.jdks\ms-17.0.15\bin;C:\WINDOWS\Sun\Java\bin;C:\WINDOWS\system32;C:\WINDOWS;C:\Program Files\OpenLogic\jdk-21.0.7.6-hotspot\bin;C:\WINDOWS\system32;C:\WINDOWS;C:\WINDOWS\System32\Wbem;C:\WINDOWS\System32\WindowsPowerShell\v1.0\;C:\WINDOWS\System32\OpenSSH\;C:\Program Files\HP\HP One Agent;C:\Users\rushi\AppData\Local\Programs\Python\Python313\Scripts\;C:\Users\rushi\AppData\Local\Programs\Python\Python313\;C:\Users\rushi\AppData\Local\Microsoft\WindowsApps;C:\Users\rushi\AppData\Local\Programs\Microsoft VS Code\bin;."/>
    <property name="java.vm.info" value="mixed mode, sharing"/>
    <property name="java.vendor" value="Microsoft"/>
    <property name="java.vm.version" value="17.0.15+6-LTS"/>
    <property name="java.specification.maintenance.version" value="1"/>
    <property name="sun.io.unicode.encoding" value="UnicodeLittle"/>
    <property name="java.class.version" value="61.0"/>
  </properties>
  <testcase name="testCollectorMappingTransformation" classname="org.rutz.CollectorMappingTest" time="0.2">
    <failure message="Company name should match ==&gt; expected: &lt;TechCorp Global&gt; but was: &lt;&gt;" type="org.opentest4j.AssertionFailedError"><![CDATA[org.opentest4j.AssertionFailedError: Company name should match ==> expected: <TechCorp Global> but was: <>
	at org.junit.jupiter.api.AssertionFailureBuilder.build(AssertionFailureBuilder.java:151)
	at org.junit.jupiter.api.AssertionFailureBuilder.buildAndThrow(AssertionFailureBuilder.java:132)
	at org.junit.jupiter.api.AssertEquals.failNotEqual(AssertEquals.java:197)
	at org.junit.jupiter.api.AssertEquals.assertEquals(AssertEquals.java:182)
	at org.junit.jupiter.api.Assertions.assertEquals(Assertions.java:1153)
	at org.rutz.CollectorMappingTest.testCollectorMappingTransformation(CollectorMappingTest.java:93)
	at java.base/jdk.internal.reflect.NativeMethodAccessorImpl.invoke0(Native Method)
	at java.base/jdk.internal.reflect.NativeMethodAccessorImpl.invoke(NativeMethodAccessorImpl.java:77)
	at java.base/jdk.internal.reflect.DelegatingMethodAccessorImpl.invoke(DelegatingMethodAccessorImpl.java:43)
	at java.base/java.lang.reflect.Method.invoke(Method.java:569)
	at org.junit.platform.commons.util.ReflectionUtils.invokeMethod(ReflectionUtils.java:727)
	at org.junit.jupiter.engine.execution.MethodInvocation.proceed(MethodInvocation.java:60)
	at org.junit.jupiter.engine.execution.InvocationInterceptorChain$ValidatingInvocation.proceed(InvocationInterceptorChain.java:131)
	at org.junit.jupiter.engine.extension.TimeoutExtension.intercept(TimeoutExtension.java:156)
	at org.junit.jupiter.engine.extension.TimeoutExtension.interceptTestableMethod(TimeoutExtension.java:147)
	at org.junit.jupiter.engine.extension.TimeoutExtension.interceptTestMethod(TimeoutExtension.java:86)
	at org.junit.jupiter.engine.execution.InterceptingExecutableInvoker$ReflectiveInterceptorCall.lambda$ofVoidMethod$0(InterceptingExecutableInvoker.java:103)
	at org.junit.jupiter.engine.execution.InterceptingExecutableInvoker.lambda$invoke$0(InterceptingExecutableInvoker.java:93)
	at org.junit.jupiter.engine.execution.InvocationInterceptorChain$InterceptedInvocation.proceed(InvocationInterceptorChain.java:106)
	at org.junit.jupiter.engine.execution.InvocationInterceptorChain.proceed(InvocationInterceptorChain.java:64)
	at org.junit.jupiter.engine.execution.InvocationInterceptorChain.chainAndInvoke(InvocationInterceptorChain.java:45)
	at org.junit.jupiter.engine.execution.InvocationInterceptorChain.invoke(InvocationInterceptorChain.java:37)
	at org.junit.jupiter.engine.execution.InterceptingExecutableInvoker.invoke(InterceptingExecutableInvoker.java:92)
	at org.junit.jupiter.engine.execution.InterceptingExecutableInvoker.invoke(InterceptingExecutableInvoker.java:86)
	at org.junit.jupiter.engine.descriptor.TestMethodTestDescriptor.lambda$invokeTestMethod$7(TestMethodTestDescriptor.java:217)
	at org.junit.platform.engine.support.hierarchical.ThrowableCollector.execute(ThrowableCollector.java:73)
	at org.junit.jupiter.engine.descriptor.TestMethodTestDescriptor.invokeTestMethod(TestMethodTestDescriptor.java:213)
	at org.junit.jupiter.engine.descriptor.TestMethodTestDescriptor.execute(TestMethodTestDescriptor.java:138)
	at org.junit.jupiter.engine.descriptor.TestMethodTestDescriptor.execute(TestMethodTestDescriptor.java:68)
	at org.junit.platform.engine.support.hierarchical.NodeTestTask.lambda$executeRecursively$6(NodeTestTask.java:151)
	at org.junit.platform.engine.support.hierarchical.ThrowableCollector.execute(ThrowableCollector.java:73)
	at org.junit.platform.engine.support.hierarchical.NodeTestTask.lambda$executeRecursively$8(NodeTestTask.java:141)
	at org.junit.platform.engine.support.hierarchical.Node.around(Node.java:137)
	at org.junit.platform.engine.support.hierarchical.NodeTestTask.lambda$executeRecursively$9(NodeTestTask.java:139)
	at org.junit.platform.engine.support.hierarchical.ThrowableCollector.execute(ThrowableCollector.java:73)
	at org.junit.platform.engine.support.hierarchical.NodeTestTask.executeRecursively(NodeTestTask.java:138)
	at org.junit.platform.engine.support.hierarchical.NodeTestTask.execute(NodeTestTask.java:95)
	at java.base/java.util.ArrayList.forEach(ArrayList.java:1511)
	at org.junit.platform.engine.support.hierarchical.SameThreadHierarchicalTestExecutorService.invokeAll(SameThreadHierarchicalTestExecutorService.java:41)
	at org.junit.platform.engine.support.hierarchical.NodeTestTask.lambda$executeRecursively$6(NodeTestTask.java:155)
	at org.junit.platform.engine.support.hierarchical.ThrowableCollector.execute(ThrowableCollector.java:73)
	at org.junit.platform.engine.support.hierarchical.NodeTestTask.lambda$executeRecursively$8(NodeTestTask.java:141)
	at org.junit.platform.engine.support.hierarchical.Node.around(Node.java:137)
	at org.junit.platform.engine.support.hierarchical.NodeTestTask.lambda$executeRecursively$9(NodeTestTask.java:139)
	at org.junit.platform.engine.support.hierarchical.ThrowableCollector.execute(ThrowableCollector.java:73)
	at org.junit.platform.engine.support.hierarchical.NodeTestTask.executeRecursively(NodeTestTask.java:138)
	at org.junit.platform.engine.support.hierarchical.NodeTestTask.execute(NodeTestTask.java:95)
	at java.base/java.util.ArrayList.forEach(ArrayList.java:1511)
	at org.junit.platform.engine.support.hierarchical.SameThreadHierarchicalTestExecutorService.invokeAll(SameThreadHierarchicalTestExecutorService.java:41)
	at org.junit.platform.engine.support.hierarchical.NodeTestTask.lambda$executeRecursively$6(NodeTestTask.java:155)
	at org.junit.platform.engine.support.hierarchical.ThrowableCollector.execute(ThrowableCollector.java:73)
	at org.junit.platform.engine.support.hierarchical.NodeTestTask.lambda$executeRecursively$8(NodeTestTask.java:141)
	at org.junit.platform.engine.support.hierarchical.Node.around(Node.java:137)
	at org.junit.platform.engine.support.hierarchical.NodeTestTask.lambda$executeRecursively$9(NodeTestTask.java:139)
	at org.junit.platform.engine.support.hierarchical.ThrowableCollector.execute(ThrowableCollector.java:73)
	at org.junit.platform.engine.support.hierarchical.NodeTestTask.executeRecursively(NodeTestTask.java:138)
	at org.junit.platform.engine.support.hierarchical.NodeTestTask.execute(NodeTestTask.java:95)
	at org.junit.platform.engine.support.hierarchical.SameThreadHierarchicalTestExecutorService.submit(SameThreadHierarchicalTestExecutorService.java:35)
	at org.junit.platform.engine.support.hierarchical.HierarchicalTestExecutor.execute(HierarchicalTestExecutor.java:57)
	at org.junit.platform.engine.support.hierarchical.HierarchicalTestEngine.execute(HierarchicalTestEngine.java:54)
	at org.junit.platform.launcher.core.EngineExecutionOrchestrator.execute(EngineExecutionOrchestrator.java:147)
	at org.junit.platform.launcher.core.EngineExecutionOrchestrator.execute(EngineExecutionOrchestrator.java:127)
	at org.junit.platform.launcher.core.EngineExecutionOrchestrator.execute(EngineExecutionOrchestrator.java:90)
	at org.junit.platform.launcher.core.EngineExecutionOrchestrator.lambda$execute$0(EngineExecutionOrchestrator.java:55)
	at org.junit.platform.launcher.core.EngineExecutionOrchestrator.withInterceptedStreams(EngineExecutionOrchestrator.java:102)
	at org.junit.platform.launcher.core.EngineExecutionOrchestrator.execute(EngineExecutionOrchestrator.java:54)
	at org.junit.platform.launcher.core.DefaultLauncher.execute(DefaultLauncher.java:114)
	at org.junit.platform.launcher.core.DefaultLauncher.execute(DefaultLauncher.java:86)
	at org.junit.platform.launcher.core.DefaultLauncherSession$DelegatingLauncher.execute(DefaultLauncherSession.java:86)
	at org.apache.maven.surefire.junitplatform.LazyLauncher.execute(LazyLauncher.java:55)
	at org.apache.maven.surefire.junitplatform.JUnitPlatformProvider.execute(JUnitPlatformProvider.java:223)
	at org.apache.maven.surefire.junitplatform.JUnitPlatformProvider.invokeAllTests(JUnitPlatformProvider.java:175)
	at org.apache.maven.surefire.junitplatform.JUnitPlatformProvider.invoke(JUnitPlatformProvider.java:139)
	at org.apache.maven.surefire.booter.ForkedBooter.runSuitesInProcess(ForkedBooter.java:456)
	at org.apache.maven.surefire.booter.ForkedBooter.execute(ForkedBooter.java:169)
	at org.apache.maven.surefire.booter.ForkedBooter.run(ForkedBooter.java:595)
	at org.apache.maven.surefire.booter.ForkedBooter.main(ForkedBooter.java:581)
]]></failure>
    <system-out><![CDATA[Linking top level mapping to virtual root : Organization
Adding child mapping to parent: CompanyInfo -> Organization
Adding child mapping to parent: Name -> CompanyInfo
Adding child mapping to parent: YearFounded -> CompanyInfo
Adding child mapping to parent: IsPublic -> CompanyInfo
Adding child mapping to parent: Departments -> Organization
Adding child mapping to parent: Department -> Departments
Adding child mapping to parent: DepartmentID -> Department
Adding child mapping to parent: DepartmentName -> Department
Adding child mapping to parent: HeadCount -> Department
Adding child mapping to parent: Status -> Department
Adding child mapping to parent: Employees -> Organization
Adding child mapping to parent: Employee -> Employees
Adding child mapping to parent: EmployeeID -> Employee
Adding child mapping to parent: FullName -> Employee
Adding child mapping to parent: JobTitle -> Employee
Adding child mapping to parent: StaffType -> Employee
Adding child mapping to parent: Locations -> Organization
Adding child mapping to parent: Office -> Locations
Adding child mapping to parent: Capacity -> Office
Adding child mapping to parent: Address -> Office
Adding child mapping to parent: Street -> Address
Adding child mapping to parent: City -> Address
Adding child mapping to parent: State -> Address
Adding child mapping to parent: ZipCode -> Address
Adding child mapping to parent: Projects -> Organization
Adding child mapping to parent: Project -> Projects
Adding child mapping to parent: Code -> Project
Adding child mapping to parent: Manager -> Project
Adding child mapping to parent: Deadline -> Project
Adding child mapping to parent: CompletionDate -> Project
Adding child mapping to parent: Priority -> Project

--- Sorted Mapping Hierarchy ---
Mapping: Root
  Mapping: Organization
    Mapping: CompanyInfo
      Mapping: Name
      Mapping: YearFounded
      Mapping: IsPublic
    Mapping: Departments [COLLECTOR: $.company.mainDepartments[*], $.company.satelliteOffices.departments[*]]
      Mapping: Department
        Mapping: DepartmentID
        Mapping: DepartmentName
        Mapping: HeadCount
        Mapping: Status [DERIVED: if active exists, value=Active]
    Mapping: Employees [COLLECTOR: $.company.staffDirectory[*], $.company.contractStaff[*]]
      Mapping: Employee
        Mapping: EmployeeID
        Mapping: FullName
        Mapping: JobTitle
        Mapping: StaffType [DERIVED: if department exists, value=Regular]
    Mapping: Locations [COLLECTOR: $.company.offices[*]]
      Mapping: Office
        Mapping: Capacity
        Mapping: Address
          Mapping: Street
          Mapping: City
          Mapping: State
          Mapping: ZipCode
    Mapping: Projects [COLLECTOR: $.company.projects.active[*], $.company.projects.upcoming[*], $.company.projects.completed[*]]
      Mapping: Project
        Mapping: Code
        Mapping: Manager
        Mapping: Deadline
        Mapping: CompletionDate
        Mapping: Priority
------------------------------

]]></system-out>
    <system-err><![CDATA[May 10, 2025 12:52:50 PM org.rutz.JsonToXmlSteam processChildMappings
INFO: Processing child mapping: CompanyInfo
May 10, 2025 12:52:50 PM org.rutz.JsonToXmlSteam processChildMappings
INFO: Processing child mapping: Departments
May 10, 2025 12:52:50 PM org.rutz.JsonToXmlSteam processChildMappings
INFO: Processing child mapping: DepartmentID
May 10, 2025 12:52:50 PM org.rutz.JsonToXmlSteam processChildMappings
INFO: Processing child mapping: DepartmentName
May 10, 2025 12:52:50 PM org.rutz.JsonToXmlSteam processChildMappings
INFO: Processing child mapping: HeadCount
May 10, 2025 12:52:50 PM org.rutz.JsonToXmlSteam processChildMappings
INFO: Processing child mapping: Status
May 10, 2025 12:52:50 PM org.rutz.JsonToXmlSteam processChildMappings
INFO: Processing child mapping: DepartmentID
May 10, 2025 12:52:50 PM org.rutz.JsonToXmlSteam processChildMappings
INFO: Processing child mapping: DepartmentName
May 10, 2025 12:52:50 PM org.rutz.JsonToXmlSteam processChildMappings
INFO: Processing child mapping: HeadCount
May 10, 2025 12:52:50 PM org.rutz.JsonToXmlSteam processChildMappings
INFO: Processing child mapping: Status
May 10, 2025 12:52:50 PM org.rutz.JsonToXmlSteam processChildMappings
INFO: Processing child mapping: DepartmentID
May 10, 2025 12:52:50 PM org.rutz.JsonToXmlSteam processChildMappings
INFO: Processing child mapping: DepartmentName
May 10, 2025 12:52:50 PM org.rutz.JsonToXmlSteam processChildMappings
INFO: Processing child mapping: HeadCount
May 10, 2025 12:52:50 PM org.rutz.JsonToXmlSteam processChildMappings
INFO: Processing child mapping: Status
May 10, 2025 12:52:50 PM org.rutz.JsonToXmlSteam processChildMappings
INFO: Processing child mapping: DepartmentID
May 10, 2025 12:52:50 PM org.rutz.JsonToXmlSteam processChildMappings
INFO: Processing child mapping: DepartmentName
May 10, 2025 12:52:50 PM org.rutz.JsonToXmlSteam processChildMappings
INFO: Processing child mapping: HeadCount
May 10, 2025 12:52:50 PM org.rutz.JsonToXmlSteam processChildMappings
INFO: Processing child mapping: Status
May 10, 2025 12:52:50 PM org.rutz.JsonToXmlSteam processChildMappings
INFO: Processing child mapping: DepartmentID
May 10, 2025 12:52:50 PM org.rutz.JsonToXmlSteam processChildMappings
INFO: Processing child mapping: DepartmentName
May 10, 2025 12:52:50 PM org.rutz.JsonToXmlSteam processChildMappings
INFO: Processing child mapping: HeadCount
May 10, 2025 12:52:50 PM org.rutz.JsonToXmlSteam processChildMappings
INFO: Processing child mapping: Status
May 10, 2025 12:52:50 PM org.rutz.JsonToXmlSteam processChildMappings
INFO: Processing child mapping: Employees
May 10, 2025 12:52:50 PM org.rutz.JsonToXmlSteam processChildMappings
INFO: Processing child mapping: EmployeeID
May 10, 2025 12:52:50 PM org.rutz.JsonToXmlSteam processChildMappings
INFO: Processing child mapping: FullName
May 10, 2025 12:52:50 PM org.rutz.JsonToXmlSteam processChildMappings
INFO: Processing child mapping: JobTitle
May 10, 2025 12:52:50 PM org.rutz.JsonToXmlSteam processChildMappings
INFO: Processing child mapping: StaffType
May 10, 2025 12:52:50 PM org.rutz.JsonToXmlSteam processChildMappings
INFO: Processing child mapping: EmployeeID
May 10, 2025 12:52:50 PM org.rutz.JsonToXmlSteam processChildMappings
INFO: Processing child mapping: FullName
May 10, 2025 12:52:50 PM org.rutz.JsonToXmlSteam processChildMappings
INFO: Processing child mapping: JobTitle
May 10, 2025 12:52:50 PM org.rutz.JsonToXmlSteam processChildMappings
INFO: Processing child mapping: StaffType
May 10, 2025 12:52:50 PM org.rutz.JsonToXmlSteam processChildMappings
INFO: Processing child mapping: EmployeeID
May 10, 2025 12:52:50 PM org.rutz.JsonToXmlSteam processChildMappings
INFO: Processing child mapping: FullName
May 10, 2025 12:52:50 PM org.rutz.JsonToXmlSteam processChildMappings
INFO: Processing child mapping: JobTitle
May 10, 2025 12:52:50 PM org.rutz.JsonToXmlSteam processChildMappings
INFO: Processing child mapping: StaffType
May 10, 2025 12:52:50 PM org.rutz.JsonToXmlSteam processChildMappings
INFO: Processing child mapping: EmployeeID
May 10, 2025 12:52:50 PM org.rutz.JsonToXmlSteam processChildMappings
INFO: Processing child mapping: FullName
May 10, 2025 12:52:50 PM org.rutz.JsonToXmlSteam processChildMappings
INFO: Processing child mapping: JobTitle
May 10, 2025 12:52:50 PM org.rutz.JsonToXmlSteam processChildMappings
INFO: Processing child mapping: StaffType
May 10, 2025 12:52:50 PM org.rutz.JsonToXmlSteam processChildMappings
INFO: Condition not met for derived field: StaffType
May 10, 2025 12:52:50 PM org.rutz.JsonToXmlSteam processChildMappings
INFO: Processing child mapping: EmployeeID
May 10, 2025 12:52:50 PM org.rutz.JsonToXmlSteam processChildMappings
INFO: Processing child mapping: FullName
May 10, 2025 12:52:50 PM org.rutz.JsonToXmlSteam processChildMappings
INFO: Processing child mapping: JobTitle
May 10, 2025 12:52:50 PM org.rutz.JsonToXmlSteam processChildMappings
INFO: Processing child mapping: StaffType
May 10, 2025 12:52:50 PM org.rutz.JsonToXmlSteam processChildMappings
INFO: Condition not met for derived field: StaffType
May 10, 2025 12:52:50 PM org.rutz.JsonToXmlSteam processChildMappings
INFO: Processing child mapping: Locations
May 10, 2025 12:52:50 PM org.rutz.JsonToXmlSteam processChildMappings
INFO: Processing child mapping: Capacity
May 10, 2025 12:52:50 PM org.rutz.JsonToXmlSteam processChildMappings
INFO: Processing child mapping: Address
May 10, 2025 12:52:50 PM org.rutz.JsonToXmlSteam processChildMappings
INFO: Processing child mapping: Capacity
May 10, 2025 12:52:50 PM org.rutz.JsonToXmlSteam processChildMappings
INFO: Processing child mapping: Address
May 10, 2025 12:52:50 PM org.rutz.JsonToXmlSteam processChildMappings
INFO: Processing child mapping: Capacity
May 10, 2025 12:52:50 PM org.rutz.JsonToXmlSteam processChildMappings
INFO: Processing child mapping: Address
May 10, 2025 12:52:50 PM org.rutz.JsonToXmlSteam processChildMappings
INFO: Processing child mapping: Projects
May 10, 2025 12:52:50 PM org.rutz.JsonToXmlSteam processChildMappings
INFO: Processing child mapping: Code
May 10, 2025 12:52:50 PM org.rutz.JsonToXmlSteam processChildMappings
INFO: Processing child mapping: Manager
May 10, 2025 12:52:50 PM org.rutz.JsonToXmlSteam processChildMappings
INFO: Processing child mapping: Deadline
May 10, 2025 12:52:50 PM org.rutz.JsonToXmlSteam processChildMappings
INFO: Processing child mapping: CompletionDate
May 10, 2025 12:52:50 PM org.rutz.JsonToXmlSteam processChildMappings
INFO: Child node missing for: CompletionDate
May 10, 2025 12:52:50 PM org.rutz.JsonToXmlSteam processChildMappings
INFO: Processing child mapping: Priority
May 10, 2025 12:52:50 PM org.rutz.JsonToXmlSteam processChildMappings
INFO: Processing child mapping: Code
May 10, 2025 12:52:50 PM org.rutz.JsonToXmlSteam processChildMappings
INFO: Processing child mapping: Manager
May 10, 2025 12:52:50 PM org.rutz.JsonToXmlSteam processChildMappings
INFO: Processing child mapping: Deadline
May 10, 2025 12:52:50 PM org.rutz.JsonToXmlSteam processChildMappings
INFO: Processing child mapping: CompletionDate
May 10, 2025 12:52:50 PM org.rutz.JsonToXmlSteam processChildMappings
INFO: Child node missing for: CompletionDate
May 10, 2025 12:52:50 PM org.rutz.JsonToXmlSteam processChildMappings
INFO: Processing child mapping: Priority
May 10, 2025 12:52:50 PM org.rutz.JsonToXmlSteam processChildMappings
INFO: Processing child mapping: Code
May 10, 2025 12:52:50 PM org.rutz.JsonToXmlSteam processChildMappings
INFO: Processing child mapping: Manager
May 10, 2025 12:52:50 PM org.rutz.JsonToXmlSteam processChildMappings
INFO: Processing child mapping: Deadline
May 10, 2025 12:52:50 PM org.rutz.JsonToXmlSteam processChildMappings
INFO: Processing child mapping: CompletionDate
May 10, 2025 12:52:50 PM org.rutz.JsonToXmlSteam processChildMappings
INFO: Child node missing for: CompletionDate
May 10, 2025 12:52:50 PM org.rutz.JsonToXmlSteam processChildMappings
INFO: Processing child mapping: Priority
May 10, 2025 12:52:50 PM org.rutz.JsonToXmlSteam processChildMappings
INFO: Processing child mapping: Code
May 10, 2025 12:52:50 PM org.rutz.JsonToXmlSteam processChildMappings
INFO: Processing child mapping: Manager
May 10, 2025 12:52:50 PM org.rutz.JsonToXmlSteam processChildMappings
INFO: Processing child mapping: Deadline
May 10, 2025 12:52:50 PM org.rutz.JsonToXmlSteam processChildMappings
INFO: Child node missing for: Deadline
May 10, 2025 12:52:50 PM org.rutz.JsonToXmlSteam processChildMappings
INFO: Processing child mapping: CompletionDate
May 10, 2025 12:52:50 PM org.rutz.JsonToXmlSteam processChildMappings
INFO: Processing child mapping: Priority
May 10, 2025 12:52:50 PM org.rutz.JsonToXmlSteam processChildMappings
INFO: Child node missing for: Priority
]]></system-err>
  </testcase>
</testsuite>