<?xml version="1.0" encoding="UTF-8"?>
<testsuite xmlns:xsi="http://www.w3.org/2001/XMLSchema-instance" xsi:noNamespaceSchemaLocation="https://maven.apache.org/surefire/maven-surefire-plugin/xsd/surefire-test-report-3.0.xsd" version="3.0" name="JsonToXmlStreamTest" time="0.23" tests="1" errors="0" skipped="0" failures="0">
  <properties>
    <property name="java.specification.version" value="17"/>
    <property name="sun.cpu.isalist" value="amd64"/>
    <property name="sun.jnu.encoding" value="Cp1252"/>
    <property name="java.class.path" value="C:\Users\rushi\Downloads\CursorProject\XML_Adaptor-main\JSONtoXMLMapping\target\test-classes;C:\Users\rushi\Downloads\CursorProject\XML_Adaptor-main\JSONtoXMLMapping\target\classes;C:\Users\rushi\.m2\repository\com\fasterxml\jackson\core\jackson-databind\2.13.4\jackson-databind-2.13.4.jar;C:\Users\rushi\.m2\repository\com\fasterxml\jackson\core\jackson-annotations\2.13.4\jackson-annotations-2.13.4.jar;C:\Users\rushi\.m2\repository\com\fasterxml\jackson\core\jackson-core\2.13.4\jackson-core-2.13.4.jar;C:\Users\rushi\.m2\repository\org\apache\commons\commons-csv\1.9.0\commons-csv-1.9.0.jar;C:\Users\rushi\.m2\repository\org\apache\commons\commons-jexl3\3.2.1\commons-jexl3-3.2.1.jar;C:\Users\rushi\.m2\repository\commons-logging\commons-logging\1.2\commons-logging-1.2.jar;C:\Users\rushi\.m2\repository\com\opencsv\opencsv\5.9\opencsv-5.9.jar;C:\Users\rushi\.m2\repository\org\apache\commons\commons-lang3\3.13.0\commons-lang3-3.13.0.jar;C:\Users\rushi\.m2\repository\org\apache\commons\commons-text\1.11.0\commons-text-1.11.0.jar;C:\Users\rushi\.m2\repository\commons-beanutils\commons-beanutils\1.9.4\commons-beanutils-1.9.4.jar;C:\Users\rushi\.m2\repository\commons-collections\commons-collections\3.2.2\commons-collections-3.2.2.jar;C:\Users\rushi\.m2\repository\org\apache\commons\commons-collections4\4.4\commons-collections4-4.4.jar;C:\Users\rushi\.m2\repository\org\slf4j\slf4j-api\1.7.36\slf4j-api-1.7.36.jar;C:\Users\rushi\.m2\repository\ch\qos\logback\logback-classic\1.2.11\logback-classic-1.2.11.jar;C:\Users\rushi\.m2\repository\ch\qos\logback\logback-core\1.2.11\logback-core-1.2.11.jar;C:\Users\rushi\.m2\repository\org\junit\jupiter\junit-jupiter-api\5.9.2\junit-jupiter-api-5.9.2.jar;C:\Users\rushi\.m2\repository\org\opentest4j\opentest4j\1.2.0\opentest4j-1.2.0.jar;C:\Users\rushi\.m2\repository\org\junit\platform\junit-platform-commons\1.9.2\junit-platform-commons-1.9.2.jar;C:\Users\rushi\.m2\repository\org\apiguardian\apiguardian-api\1.1.2\apiguardian-api-1.1.2.jar;C:\Users\rushi\.m2\repository\org\mockito\mockito-core\5.4.0\mockito-core-5.4.0.jar;C:\Users\rushi\.m2\repository\net\bytebuddy\byte-buddy\1.14.5\byte-buddy-1.14.5.jar;C:\Users\rushi\.m2\repository\net\bytebuddy\byte-buddy-agent\1.14.5\byte-buddy-agent-1.14.5.jar;C:\Users\rushi\.m2\repository\org\objenesis\objenesis\3.3\objenesis-3.3.jar;C:\Users\rushi\.m2\repository\org\junit\jupiter\junit-jupiter-engine\5.9.2\junit-jupiter-engine-5.9.2.jar;C:\Users\rushi\.m2\repository\org\junit\platform\junit-platform-engine\1.9.2\junit-platform-engine-1.9.2.jar;C:\Users\rushi\.m2\repository\junit\junit\4.13.2\junit-4.13.2.jar;C:\Users\rushi\.m2\repository\org\hamcrest\hamcrest-core\1.3\hamcrest-core-1.3.jar;C:\Users\rushi\.m2\repository\org\junit\jupiter\junit-jupiter-params\5.10.3\junit-jupiter-params-5.10.3.jar;C:\Users\rushi\.m2\repository\org\springframework\spring-core\6.1.11\spring-core-6.1.11.jar;C:\Users\rushi\.m2\repository\org\springframework\spring-jcl\6.1.11\spring-jcl-6.1.11.jar;C:\Users\rushi\.m2\repository\org\springframework\spring-beans\6.1.11\spring-beans-6.1.11.jar;"/>
    <property name="java.vm.vendor" value="Microsoft"/>
    <property name="sun.arch.data.model" value="64"/>
    <property name="user.variant" value=""/>
    <property name="java.vendor.url" value="https://www.microsoft.com"/>
    <property name="user.timezone" value="America/New_York"/>
    <property name="os.name" value="Windows 11"/>
    <property name="java.vm.specification.version" value="17"/>
    <property name="sun.java.launcher" value="SUN_STANDARD"/>
    <property name="user.country" value="US"/>
    <property name="sun.boot.library.path" value="C:\Users\rushi\.jdks\ms-17.0.15\bin"/>
    <property name="sun.java.command" value="C:\Users\rushi\AppData\Local\Temp\surefire2938278292682069741\surefirebooter-20250510125249047_3.jar C:\Users\rushi\AppData\Local\Temp\surefire2938278292682069741 2025-05-10T12-52-48_628-jvmRun1 surefire-20250510125249047_1tmp surefire_0-20250510125249047_2tmp"/>
    <property name="jdk.debug" value="release"/>
    <property name="surefire.test.class.path" value="C:\Users\rushi\Downloads\CursorProject\XML_Adaptor-main\JSONtoXMLMapping\target\test-classes;C:\Users\rushi\Downloads\CursorProject\XML_Adaptor-main\JSONtoXMLMapping\target\classes;C:\Users\rushi\.m2\repository\com\fasterxml\jackson\core\jackson-databind\2.13.4\jackson-databind-2.13.4.jar;C:\Users\rushi\.m2\repository\com\fasterxml\jackson\core\jackson-annotations\2.13.4\jackson-annotations-2.13.4.jar;C:\Users\rushi\.m2\repository\com\fasterxml\jackson\core\jackson-core\2.13.4\jackson-core-2.13.4.jar;C:\Users\rushi\.m2\repository\org\apache\commons\commons-csv\1.9.0\commons-csv-1.9.0.jar;C:\Users\rushi\.m2\repository\org\apache\commons\commons-jexl3\3.2.1\commons-jexl3-3.2.1.jar;C:\Users\rushi\.m2\repository\commons-logging\commons-logging\1.2\commons-logging-1.2.jar;C:\Users\rushi\.m2\repository\com\opencsv\opencsv\5.9\opencsv-5.9.jar;C:\Users\rushi\.m2\repository\org\apache\commons\commons-lang3\3.13.0\commons-lang3-3.13.0.jar;C:\Users\rushi\.m2\repository\org\apache\commons\commons-text\1.11.0\commons-text-1.11.0.jar;C:\Users\rushi\.m2\repository\commons-beanutils\commons-beanutils\1.9.4\commons-beanutils-1.9.4.jar;C:\Users\rushi\.m2\repository\commons-collections\commons-collections\3.2.2\commons-collections-3.2.2.jar;C:\Users\rushi\.m2\repository\org\apache\commons\commons-collections4\4.4\commons-collections4-4.4.jar;C:\Users\rushi\.m2\repository\org\slf4j\slf4j-api\1.7.36\slf4j-api-1.7.36.jar;C:\Users\rushi\.m2\repository\ch\qos\logback\logback-classic\1.2.11\logback-classic-1.2.11.jar;C:\Users\rushi\.m2\repository\ch\qos\logback\logback-core\1.2.11\logback-core-1.2.11.jar;C:\Users\rushi\.m2\repository\org\junit\jupiter\junit-jupiter-api\5.9.2\junit-jupiter-api-5.9.2.jar;C:\Users\rushi\.m2\repository\org\opentest4j\opentest4j\1.2.0\opentest4j-1.2.0.jar;C:\Users\rushi\.m2\repository\org\junit\platform\junit-platform-commons\1.9.2\junit-platform-commons-1.9.2.jar;C:\Users\rushi\.m2\repository\org\apiguardian\apiguardian-api\1.1.2\apiguardian-api-1.1.2.jar;C:\Users\rushi\.m2\repository\org\mockito\mockito-core\5.4.0\mockito-core-5.4.0.jar;C:\Users\rushi\.m2\repository\net\bytebuddy\byte-buddy\1.14.5\byte-buddy-1.14.5.jar;C:\Users\rushi\.m2\repository\net\bytebuddy\byte-buddy-agent\1.14.5\byte-buddy-agent-1.14.5.jar;C:\Users\rushi\.m2\repository\org\objenesis\objenesis\3.3\objenesis-3.3.jar;C:\Users\rushi\.m2\repository\org\junit\jupiter\junit-jupiter-engine\5.9.2\junit-jupiter-engine-5.9.2.jar;C:\Users\rushi\.m2\repository\org\junit\platform\junit-platform-engine\1.9.2\junit-platform-engine-1.9.2.jar;C:\Users\rushi\.m2\repository\junit\junit\4.13.2\junit-4.13.2.jar;C:\Users\rushi\.m2\repository\org\hamcrest\hamcrest-core\1.3\hamcrest-core-1.3.jar;C:\Users\rushi\.m2\repository\org\junit\jupiter\junit-jupiter-params\5.10.3\junit-jupiter-params-5.10.3.jar;C:\Users\rushi\.m2\repository\org\springframework\spring-core\6.1.11\spring-core-6.1.11.jar;C:\Users\rushi\.m2\repository\org\springframework\spring-jcl\6.1.11\spring-jcl-6.1.11.jar;C:\Users\rushi\.m2\repository\org\springframework\spring-beans\6.1.11\spring-beans-6.1.11.jar;"/>
    <property name="sun.cpu.endian" value="little"/>
    <property name="user.home" value="C:\Users\rushi"/>
    <property name="user.language" value="en"/>
    <property name="java.specification.vendor" value="Oracle Corporation"/>
    <property name="java.version.date" value="2025-04-15"/>
    <property name="java.home" value="C:\Users\rushi\.jdks\ms-17.0.15"/>
    <property name="file.separator" value="\"/>
    <property name="basedir" value="C:\Users\rushi\Downloads\CursorProject\XML_Adaptor-main\JSONtoXMLMapping"/>
    <property name="java.vm.compressedOopsMode" value="32-bit"/>
    <property name="line.separator" value="&#10;"/>
    <property name="java.vm.specification.vendor" value="Oracle Corporation"/>
    <property name="java.specification.name" value="Java Platform API Specification"/>
    <property name="surefire.real.class.path" value="C:\Users\rushi\AppData\Local\Temp\surefire2938278292682069741\surefirebooter-20250510125249047_3.jar"/>
    <property name="user.script" value=""/>
    <property name="sun.management.compiler" value="HotSpot 64-Bit Tiered Compilers"/>
    <property name="java.runtime.version" value="17.0.15+6-LTS"/>
    <property name="user.name" value="rushi"/>
    <property name="path.separator" value=";"/>
    <property name="os.version" value="10.0"/>
    <property name="java.runtime.name" value="OpenJDK Runtime Environment"/>
    <property name="file.encoding" value="Cp1252"/>
    <property name="java.vm.name" value="OpenJDK 64-Bit Server VM"/>
    <property name="java.vendor.version" value="Microsoft-11369865"/>
    <property name="localRepository" value="C:\Users\rushi\.m2\repository"/>
    <property name="java.vendor.url.bug" value="https://github.com/microsoft/openjdk/issues"/>
    <property name="java.io.tmpdir" value="C:\Users\rushi\AppData\Local\Temp\"/>
    <property name="idea.version" value="2025.1"/>
    <property name="java.version" value="17.0.15"/>
    <property name="user.dir" value="C:\Users\rushi\Downloads\CursorProject\XML_Adaptor-main\JSONtoXMLMapping"/>
    <property name="os.arch" value="amd64"/>
    <property name="java.vm.specification.name" value="Java Virtual Machine Specification"/>
    <property name="sun.os.patch.level" value=""/>
    <property name="native.encoding" value="Cp1252"/>
    <property name="java.library.path" value="C:\Users\rushi\.jdks\ms-17.0.15\bin;C:\WINDOWS\Sun\Java\bin;C:\WINDOWS\system32;C:\WINDOWS;C:\Program Files\OpenLogic\jdk-21.0.7.6-hotspot\bin;C:\WINDOWS\system32;C:\WINDOWS;C:\WINDOWS\System32\Wbem;C:\WINDOWS\System32\WindowsPowerShell\v1.0\;C:\WINDOWS\System32\OpenSSH\;C:\Program Files\HP\HP One Agent;C:\Users\rushi\AppData\Local\Programs\Python\Python313\Scripts\;C:\Users\rushi\AppData\Local\Programs\Python\Python313\;C:\Users\rushi\AppData\Local\Microsoft\WindowsApps;C:\Users\rushi\AppData\Local\Programs\Microsoft VS Code\bin;."/>
    <property name="java.vm.info" value="mixed mode, sharing"/>
    <property name="java.vendor" value="Microsoft"/>
    <property name="java.vm.version" value="17.0.15+6-LTS"/>
    <property name="java.specification.maintenance.version" value="1"/>
    <property name="sun.io.unicode.encoding" value="UnicodeLittle"/>
    <property name="java.class.version" value="61.0"/>
  </properties>
  <testcase name="testJsonToXmlTransformation" classname="JsonToXmlStreamTest" time="0.229">
    <system-out><![CDATA[Linking top level mapping to virtual root : Organization
Adding child mapping to parent: CompanyInfo -> Organization
Adding child mapping to parent: CName -> CompanyInfo
Adding child mapping to parent: YearFounded -> CompanyInfo
Adding child mapping to parent: IsPublic -> CompanyInfo
Adding child mapping to parent: Departments -> Organization
Adding child mapping to parent: Department -> Departments
Adding child mapping to parent: DepartmentID -> Department
Adding child mapping to parent: DepartmentName -> Department
Adding child mapping to parent: HeadCount -> Department
Adding child mapping to parent: Status -> Department
Adding child mapping to parent: Employees -> Organization
Adding child mapping to parent: Employee -> Employees
Adding child mapping to parent: EmployeeID -> Employee
Adding child mapping to parent: FullName -> Employee

--- Sorted Mapping Hierarchy ---
Mapping: Root
  Mapping: Organization
    Mapping: CompanyInfo
      Mapping: CName
      Mapping: YearFounded
      Mapping: IsPublic
    Mapping: Departments [COLLECTOR: $.company.mainDepartments[*], $.company.satelliteOffices.departments[*]]
      Mapping: Department
        Mapping: DepartmentID
        Mapping: DepartmentName
        Mapping: HeadCount
        Mapping: Status [DERIVED: if active exists, value=Active]
    Mapping: Employees [COLLECTOR: $.company.staffDirectory[*], $.company]
      Mapping: Employee
        Mapping: EmployeeID
        Mapping: FullName
------------------------------

XML file created successfully!
]]></system-out>
    <system-err><![CDATA[May 10, 2025 12:52:50 PM org.rutz.JsonToXmlSteam processChildMappings
INFO: Processing child mapping: CompanyInfo
May 10, 2025 12:52:50 PM org.rutz.JsonToXmlSteam processChildMappings
INFO: Processing child mapping: Departments
May 10, 2025 12:52:50 PM org.rutz.JsonToXmlSteam processChildMappings
INFO: Processing child mapping: DepartmentID
May 10, 2025 12:52:50 PM org.rutz.JsonToXmlSteam processChildMappings
INFO: Processing child mapping: DepartmentName
May 10, 2025 12:52:50 PM org.rutz.JsonToXmlSteam processChildMappings
INFO: Processing child mapping: HeadCount
May 10, 2025 12:52:50 PM org.rutz.JsonToXmlSteam processChildMappings
INFO: Processing child mapping: Status
May 10, 2025 12:52:50 PM org.rutz.JsonToXmlSteam processChildMappings
INFO: Processing child mapping: DepartmentID
May 10, 2025 12:52:50 PM org.rutz.JsonToXmlSteam processChildMappings
INFO: Processing child mapping: DepartmentName
May 10, 2025 12:52:50 PM org.rutz.JsonToXmlSteam processChildMappings
INFO: Processing child mapping: HeadCount
May 10, 2025 12:52:50 PM org.rutz.JsonToXmlSteam processChildMappings
INFO: Processing child mapping: Status
May 10, 2025 12:52:50 PM org.rutz.JsonToXmlSteam processChildMappings
INFO: Processing child mapping: DepartmentID
May 10, 2025 12:52:50 PM org.rutz.JsonToXmlSteam processChildMappings
INFO: Processing child mapping: DepartmentName
May 10, 2025 12:52:50 PM org.rutz.JsonToXmlSteam processChildMappings
INFO: Processing child mapping: HeadCount
May 10, 2025 12:52:50 PM org.rutz.JsonToXmlSteam processChildMappings
INFO: Processing child mapping: Status
May 10, 2025 12:52:50 PM org.rutz.JsonToXmlSteam processChildMappings
INFO: Processing child mapping: DepartmentID
May 10, 2025 12:52:50 PM org.rutz.JsonToXmlSteam processChildMappings
INFO: Processing child mapping: DepartmentName
May 10, 2025 12:52:50 PM org.rutz.JsonToXmlSteam processChildMappings
INFO: Processing child mapping: HeadCount
May 10, 2025 12:52:50 PM org.rutz.JsonToXmlSteam processChildMappings
INFO: Processing child mapping: Status
May 10, 2025 12:52:50 PM org.rutz.JsonToXmlSteam processChildMappings
INFO: Condition not met for derived field: Status
May 10, 2025 12:52:50 PM org.rutz.JsonToXmlSteam processChildMappings
INFO: Processing child mapping: DepartmentID
May 10, 2025 12:52:50 PM org.rutz.JsonToXmlSteam processChildMappings
INFO: Processing child mapping: DepartmentName
May 10, 2025 12:52:50 PM org.rutz.JsonToXmlSteam processChildMappings
INFO: Processing child mapping: HeadCount
May 10, 2025 12:52:50 PM org.rutz.JsonToXmlSteam processChildMappings
INFO: Processing child mapping: Status
May 10, 2025 12:52:50 PM org.rutz.JsonToXmlSteam processChildMappings
INFO: Condition not met for derived field: Status
May 10, 2025 12:52:50 PM org.rutz.JsonToXmlSteam processChildMappings
INFO: Processing child mapping: Employees
May 10, 2025 12:52:50 PM org.rutz.JsonToXmlSteam processChildMappings
INFO: Processing child mapping: EmployeeID
May 10, 2025 12:52:50 PM org.rutz.JsonToXmlSteam processChildMappings
INFO: Processing child mapping: FullName
May 10, 2025 12:52:50 PM org.rutz.JsonToXmlSteam processChildMappings
INFO: Processing child mapping: EmployeeID
May 10, 2025 12:52:50 PM org.rutz.JsonToXmlSteam processChildMappings
INFO: Processing child mapping: FullName
May 10, 2025 12:52:50 PM org.rutz.JsonToXmlSteam processChildMappings
INFO: Processing child mapping: EmployeeID
May 10, 2025 12:52:50 PM org.rutz.JsonToXmlSteam processChildMappings
INFO: Processing child mapping: FullName
May 10, 2025 12:52:50 PM org.rutz.JsonToXmlSteam processChildMappings
INFO: Processing child mapping: EmployeeID
May 10, 2025 12:52:50 PM org.rutz.JsonToXmlSteam processChildMappings
INFO: Child node missing for: EmployeeID
May 10, 2025 12:52:50 PM org.rutz.JsonToXmlSteam processChildMappings
INFO: Processing child mapping: FullName
May 10, 2025 12:52:50 PM org.rutz.JsonToXmlSteam processChildMappings
INFO: Child node missing for: FullName
]]></system-err>
  </testcase>
</testsuite>